<?xml version="1.0" encoding="UTF-8"?>
<!-- Generated by org.testng.reporters.JUnitReportReporter -->
<testsuite skipped="0" hostname="ishwars-msd1" name="parallel.ClassA" tests="2" failures="0" timestamp="15 Jun 2018 07:23:50 GMT" time="0.011" errors="0">
  <testcase name="methodA1" time="0.007" classname="parallel.ClassA"/>
  <testcase name="methodA2" time="0.004" classname="parallel.ClassA"/>
</testsuite> <!-- parallel.ClassA -->
