<?xml version="1.0" encoding="UTF-8"?>
<!-- Generated by org.testng.reporters.JUnitReportReporter -->
<testsuite skipped="0" hostname="ishwars-msd1" name="parallel.ClassB" tests="2" failures="0" timestamp="15 Jun 2018 07:23:50 GMT" time="0.011" errors="0">
  <testcase name="methodB1" time="0.007" classname="parallel.ClassB"/>
  <testcase name="methodB2" time="0.004" classname="parallel.ClassB"/>
</testsuite> <!-- parallel.ClassB -->
