<?xml version="1.0" encoding="UTF-8"?>
<!-- Generated by org.testng.reporters.JUnitReportReporter -->
<testsuite hostname="ishwars-msd1" name="testGroup.mavenSelenium.AppTest" tests="1" failures="0" timestamp="7 Jun 2017 13:29:48 GMT" time="5.046" errors="0">
  <testcase name="loadApp" time="5.046" classname="testGroup.mavenSelenium.AppTest"/>
</testsuite> <!-- testGroup.mavenSelenium.AppTest -->
