<?xml version="1.0" encoding="UTF-8"?>
<!-- Generated by org.testng.reporters.JUnitReportReporter -->
<testsuite hostname="ishwars-msd1" name="testGroup.mavenSelenium.AppTest" tests="1" failures="0" timestamp="9 Jun 2017 12:36:43 GMT" time="11.375" errors="0">
  <testcase name="loadApp" time="11.375" classname="testGroup.mavenSelenium.AppTest"/>
</testsuite> <!-- testGroup.mavenSelenium.AppTest -->
